<?xml version="1.0"?>
<component name="org.nuxeo.runtime.stream.tests.service.contrib">

  <extension point="logConfig" target="org.nuxeo.runtime.stream.service">

    <logConfig name="default">
      <log name="input" size="1" />
      <log name="output" size="1" />
      <log name="myLog" size="1" />
    </logConfig>

    <logConfig name="import" />

    <logConfig name="chronicle" />

    <logConfig name="kafka" type="kafka">
      <option name="config">default</option>
    </logConfig>

    <logConfig name="kafka-no-subscribe" type="kafka">
      <option name="config">no-subscribe</option>
    </logConfig>

    <logConfig name="custom" type="chronicle">
      <option name="directory">import</option>
      <option name="basePath">/tmp</option>
      <option name="retention">4d</option>
    </logConfig>

    <logConfig name="customDisabled" type="chronicle" enabled="false">
      <option name="directory">disabled</option>
      <option name="basePath">/tmp</option>
      <option name="retention">4d</option>
    </logConfig>

  </extension>

  <extension point="streamProcessor" target="org.nuxeo.runtime.stream.service">

    <streamProcessor name="myStreamProcessor" class="org.nuxeo.runtime.stream.tests.MyStreamProcessor"
      defaultConcurrency="4" defaultPartitions="2" logConfig="default">
      <policy name="default" maxRetries="2" delay="200ms" maxDelay="2s" continueOnFailure="false" />
      <policy name="myComputation" maxRetries="2" delay="200ms" maxDelay="2s" continueOnFailure="false" />
      <policy name="myComputation2" class="org.nuxeo.runtime.stream.tests.MyPolicy" />
      <computation name="myComputation" concurrency="1" />
      <stream name="input" partitions="1" codec="avro" />
      <stream name="s1" partitions="1">
        <filter name="skip" class="org.nuxeo.runtime.stream.tests.SkipFilter">
          <option name="keyMatch">skipMe</option>
        </filter>
        <filter name="replace" class="org.nuxeo.runtime.stream.tests.ChangeFilter">
          <option name="keyMatch">changeMe</option>
          <option name="replace">changed</option>
        </filter>
      </stream>
      <stream name="output" codec="avroJson" />
      <option name="myOption">value</option>
      <stream name="s1" />
    </streamProcessor>

    <streamProcessor name="disabledStreamProcessor" class="org.nuxeo.runtime.stream.tests.MyStreamProcessor2"
      defaultConcurrency="4" defaultPartitions="2" logConfig="default" enabled="false">
      <stream name="input2" partitions="1" codec="avro" />
    </streamProcessor>

    <streamProcessor name="failureProcessor" class="org.nuxeo.runtime.stream.tests.FailureStreamProcessor"
      defaultConcurrency="1" defaultPartitions="1" logConfig="default">
      <policy name="default" maxRetries="0" continueOnFailure="false" />
    </streamProcessor>

  </extension>

  <extension target="org.nuxeo.runtime.ConfigurationService" point="configuration">
    <property name="nuxeo.stream.health.check.delay">1s</property>
  </extension>
</component>
