<?xml version="1.0"?>
<component name="org.nuxeo.ecm.core.work.config.disablequeue2.test" version="1.0">

  <extension target="org.nuxeo.ecm.core.work.service" point="queues">
    <queue id="*" processing="false"/>
  </extension>

</component>
