<?xml version="1.0"?>
<component name="org.nuxeo.ecm.diff.types.contrib.test"
  version="1.0">

  <documentation>
    This component is contributing the test types and schemas needed for
    the document diff tests.

    @author
    <a href="mailto:ataillefer@nuxeo.com">Antoine Taillefer</a>
  </documentation>

  <extension target="org.nuxeo.ecm.core.schema.TypeService"
    point="schema">
    <documentation>Document diff test schemas</documentation>

    <schema name="simpletypes" prefix="st" src="schema/simpletypes.xsd" />
    <schema name="complextypes" prefix="ct" src="schema/complextypes.xsd" />
    <schema name="listoflists" prefix="lol" src="schema/listoflists.xsd" />

  </extension>

  <extension target="org.nuxeo.ecm.core.schema.TypeService"
    point="doctype">
    <documentation>Document diff test document types</documentation>

    <doctype name="SampleType" extends="File">
      <schema name="simpletypes" />
      <schema name="complextypes" />
      <schema name="listoflists" />
    </doctype>

    <doctype name="OtherSampleType" extends="Document">
      <schema name="dublincore" />
      <schema name="simpletypes" />
      <schema name="complextypes" />
      <schema name="listoflists" />
      <schema name="note" />
      <schema name="files" />
    </doctype>

    <doctype name="ExtendedNote" extends="Note">
      <schema name="simpletypes" />
    </doctype>

    <doctype name="ExtendedExtendedNote" extends="ExtendedNote">
      <schema name="complextypes" />
    </doctype>

  </extension>

</component>