<?xml version="1.0"?>
<component name="org.nuxeo.ecm.core.storage.sql.tests.repo.restriction">

  <extension target="org.nuxeo.ecm.core.schema.TypeService"
    point="schema">
    <schema name="restriction" src="schemas/testrestriction.xsd"
      prefix="restr" />
  </extension>

  <extension target="org.nuxeo.ecm.core.schema.TypeService"
    point="doctype">
    <doctype name="Restriction" extends="Document">
      <schema name="common" />
      <schema name="dublincore" />
      <schema name="restriction" />
    </doctype>
  </extension>

</component>
