<?xml version="1.0"?>
<component name="org.nuxeo.ecm.core.storage.sql.tests.repo.restriction-big">

  <extension target="org.nuxeo.ecm.core.schema.TypeService"
    point="schema">
    <schema name="restrictionbig" src="schemas/testrestrictionbig.xsd"
      prefix="restrbg" />
  </extension>

  <extension target="org.nuxeo.ecm.core.schema.TypeService"
    point="doctype">
    <doctype name="RestrictionBig" extends="Document">
      <schema name="common" />
      <schema name="dublincore" />
      <schema name="restrictionbig" />
    </doctype>
  </extension>

</component>
