<?xml version="1.0"?>
<component name="org.nuxeo.ecm.core.storage.sql.tests.backend.core-types-2">

  <extension target="org.nuxeo.ecm.core.schema.TypeService" point="doctype">
    <doctype name="TestDoc4" extends="Document">
      <schema name="info" />
    </doctype>
  </extension>

</component>
