<component name="org.nuxeo.ecm.automation.server.test-bindings" version="1.0">

  <extension target="org.nuxeo.ecm.automation.server.AutomationServer"
    point="bindings">
    <binding name="principals" chain="true" disabled="true" />
    <binding name="audit" chain="true">
      <administrator>true</administrator>
      <secure>true</secure>
      <groups>members</groups>
    </binding>
  </extension>

  <extension target="org.nuxeo.ecm.core.operation.OperationServiceComponent"
    point="chains">
    <chain id="testchain">
      <operation id="Context.FetchDocument" />
      <operation id="Document.Create">
        <param type="string" name="type">Note</param>
        <param type="string" name="name">chain.doc</param>
      </operation>
    </chain>
  </extension>

  <extension target="org.nuxeo.ecm.core.operation.OperationServiceComponent"
    point="chains">
    <chain id="principals">
      <operation id="Context.FetchDocument" />
      <operation id="Document.Create">
        <param type="string" name="type">Note</param>
        <param type="string" name="name">chain.doc</param>
      </operation>
    </chain>
  </extension>


  <extension target="org.nuxeo.ecm.core.operation.OperationServiceComponent"
    point="chains">
    <chain id="exitNoRollback">
      <operation id="Context.FetchDocument" />
      <operation id="Document.Create">
        <param type="string" name="type">Note</param>
        <param type="string" name="name">test-exit1</param>
      </operation>
      <operation id="Test.Exit">
      </operation>
    </chain>
  </extension>

  <extension target="org.nuxeo.ecm.core.operation.OperationServiceComponent"
    point="chains">
    <chain id="exitRollback">
      <operation id="Context.FetchDocument" />
      <operation id="Document.Create">
        <param type="string" name="type">Note</param>
        <param type="string" name="name">test-exit2</param>
      </operation>
      <operation id="Test.Exit">
        <param type="boolean" name="error">false</param>
        <param type="boolean" name="rollback">true</param>
      </operation>
    </chain>
  </extension>

  <extension target="org.nuxeo.ecm.core.operation.OperationServiceComponent"
    point="chains">
    <chain id="exitError">
      <operation id="Context.FetchDocument" />
      <operation id="Document.Create">
        <param type="string" name="type">Note</param>
        <param type="string" name="name">test-exit3</param>
      </operation>
      <operation id="Test.Exit">
        <param type="boolean" name="error">true</param>
        <param type="boolean" name="rollback">true</param>
      </operation>
    </chain>
  </extension>

  <extension target="org.nuxeo.ecm.core.operation.OperationServiceComponent"
    point="operations">
    <operation
      class="org.nuxeo.ecm.automation.server.test.ExitOperation" />
    </extension>
    
</component>
