<?xml version="1.0"?>
<component name="org.nuxeo.ecm.login.token.system.login.test">

  <extension target="org.nuxeo.runtime.LoginComponent" point="domains">
    <domain name="nuxeo-system-login">
      <login-module code="org.nuxeo.runtime.api.login.SystemLoginModule" flag="required" />
      <login-module code="org.nuxeo.ecm.core.api.local.ClientLoginModule" flag="required" />
    </domain>
  </extension>

</component>
