<?xml version="1.0"?>
<component name="org.nuxeo.ecm.login.token.directory.contrib.test">

  <extension target="org.nuxeo.ecm.directory.GenericDirectory" point="directories">

    <directory name="authTokens" extends="template-directory">
      <schema>authtoken</schema>
      <types>
        <type>system</type>
      </types>
      <idField>token</idField>
      <autoincrementIdField>false</autoincrementIdField>
      <createTablePolicy>on_missing_columns</createTablePolicy>
      <permissions>
        <permission name="Read">
          <group>__Nobody__</group>
        </permission>
      </permissions>
    </directory>

  </extension>
</component>
