<?xml version="1.0"?>
<component name="org.nuxeo.ecm.login.token.anonymous.user.contrib.test">

  <extension target="org.nuxeo.ecm.platform.usermanager.UserService" point="userManager">

    <userManager>
      <users>
        <anonymousUser id="Guest" />
      </users>
    </userManager>

  </extension>

</component>