<?xml version="1.0"?>

<component name="org.nuxeo.ecm.platform.ws.session.WSRemotingSessionManagerImpl"
  version="1.0">

  <service>
    <provide
      interface="org.nuxeo.ecm.platform.api.ws.session.WSRemotingSessionManager"/>
  </service>

  <documentation> Component which stores remote sessions that can be shared in
  between multiple web services.

    @version 1.0
    @author <a href="mailto:ja@nuxeo.com">Julien Anguenot</a>
  </documentation>

  <implementation class="org.nuxeo.ecm.platform.ws.session.WSRemotingSessionManagerImpl"/>

</component>
