<?xml version="1.0"?>
<component name="org.nuxeo.ecm.directory.types.override">
  <extension target="org.nuxeo.ecm.core.schema.TypeService"
    point="schema">
    <schema name="user" src="sqldirectoryschema/user.xsd"
      override="true" />
  </extension>
</component>
