<?xml version="1.0"?>

<component name="org.nuxeo.ecm.directory.sql.storage.for.localconfiguration.test">

  <implementation
    class="org.nuxeo.ecm.directory.sql.SQLDirectoryDescriptor" />

  <require>org.nuxeo.ecm.directory.sql.SQLDirectoryFactory</require>

  <extension target="org.nuxeo.ecm.directory.sql.SQLDirectoryFactory"
    point="directories">

    <directory name="userDirectory_domain_a">

      <schema>user</schema>
      <dataSource>java:/nxsqldirectory</dataSource>
      <table>users_domain_a</table>
      <idField>username</idField>
      <passwordField>password</passwordField>
      <passwordHashAlgorithm>SSHA</passwordHashAlgorithm>
      <substringMatchType>subany</substringMatchType>
      <autoincrementIdField>false</autoincrementIdField>
      <dataFile>test-users-for-local-configuration.csv</dataFile>
      <createTablePolicy>always</createTablePolicy>

      <references>
        <tableReference field="groups" directory="groupDirectory"
          table="user2group" sourceColumn="userId"
          targetColumn="groupId" dataFile="test-user2group.csv" />
      </references>

    </directory>

    <directory name="userDirectory_">

      <schema>user</schema>
      <dataSource>java:/nxsqldirectory</dataSource>
      <table>users_empty</table>
      <idField>username</idField>
      <passwordField>password</passwordField>
      <passwordHashAlgorithm>SSHA</passwordHashAlgorithm>
      <substringMatchType>subany</substringMatchType>
      <autoincrementIdField>false</autoincrementIdField>
      <dataFile>test-users-for-local-configuration.csv</dataFile>
      <createTablePolicy>always</createTablePolicy>

      <references>
        <tableReference field="groups" directory="groupDirectory"
          table="user2group" sourceColumn="userId"
          targetColumn="groupId" dataFile="test-user2group.csv" />
      </references>

    </directory>

  </extension>
</component>
