<?xml version="1.0"?>
<component name="org.nuxeo.ecm.core.api.blobholder.test.">

  <extension target="org.nuxeo.ecm.core.schema.TypeService"
               point="doctype">
    <facet name="TestFacet"/>
  </extension>

  <extension
    target="org.nuxeo.ecm.core.api.blobholder.BlobHolderAdapterComponent"
    point="BlobHolderFactory">
    <blobHolderFactory name="onType" docType="TestType"
      class="org.nuxeo.ecm.core.api.blobholder.TestBlobHolder$DocumentTypeBlobHolderFactory" />
    <blobHolderFactory name="onFacet" facet="TestFacet"
      class="org.nuxeo.ecm.core.api.blobholder.TestBlobHolder$FacetBlobHolderFactory" />
  </extension>

</component>
