<?xml version="1.0"?>
<component name="org.nuxeo.wopi.servlet.container.test">

  <extension target="org.nuxeo.runtime.server" point="webapp">
    <webapp context="/">
      <root>web/root.war</root>
    </webapp>
  </extension>

  <extension target="org.nuxeo.runtime.server" point="servlet">
    <servlet context="/">
      <servlet-name>Nuxeo WOPI Servlet</servlet-name>
      <servlet-class>org.nuxeo.wopi.WOPIServlet</servlet-class>
      <url-pattern>/wopi/*</url-pattern>
    </servlet>
  </extension>

  <extension target="org.nuxeo.runtime.server" point="filter">
    <filter context="/">
      <filter-name>NuxeoAuthenticationFilter</filter-name>
      <filter-class>org.nuxeo.ecm.platform.ui.web.auth.NuxeoAuthenticationFilter</filter-class>
      <filter-mapping>
        <url-pattern>/*</url-pattern>
      </filter-mapping>
    </filter>

    <filter context="/">
      <filter-name>NuxeoRequestController</filter-name>
      <filter-class>org.nuxeo.ecm.platform.web.common.requestcontroller.filter.NuxeoRequestControllerFilter</filter-class>
      <filter-mapping>
        <url-pattern>/*</url-pattern>
      </filter-mapping>
    </filter>
  </extension>

  <extension target="org.nuxeo.ecm.platform.web.common.requestcontroller.service.RequestControllerService"
    point="filterConfig">
    <filterConfig name="test" transactional="true">
      <pattern>.*</pattern>
    </filterConfig>
  </extension>

</component>
