<?xml version="1.0"?>
<component name="fr.dila.cm.test.eventContrib">

  <extension target="org.nuxeo.ecm.core.event.EventServiceComponent"
    point="listener">

    <listener name="mailboxSyncTestListener" async="false" postCommit="false"
      class="fr.dila.cm.service.synchronization.MailboxSyncTestListener"
      priority="120">
      <event>onMailboxCreated</event>
      <event>onMailboxUpdated</event>
      <event>onMailboxDeleted</event>
    </listener>

    <listener name="securityListener" async="false" postCommit="false"
      class="fr.dila.ecm.platform.routing.core.listener.DocumentRoutingSecurityListener"
      priority="120">
      <event>beforeRouteReady</event>
    </listener>

  </extension>

</component>
