<?xml version="1.0"?>

<component
  name="org.nuxeo.ecm.platform.query.api.PageProviderservice.testContrib">

  <extension target="org.nuxeo.ecm.platform.query.api.PageProviderService"
    point="providers">

    <coreQueryPageProvider name="CURRENT_DOCUMENT_CHILDREN">
      <pattern>
        SELECT * FROM Document WHERE ecm:parentId = ? AND ecm:isCheckedInVersion
        = 0 AND ecm:mixinType != 'HiddenInNavigation' AND
        ecm:currentLifeCycleState != 'deleted'
      </pattern>
      <sort column="dc:title" ascending="true" />
      <pageSize>2</pageSize>
    </coreQueryPageProvider>

    <coreQueryPageProvider
      name="CURRENT_DOCUMENT_CHILDREN_WITH_SEARCH_DOCUMENT">
      <whereClause docType="File">
        <fixedPart>
          ecm:parentId = ? AND ecm:isCheckedInVersion = 0 AND ecm:mixinType !=
          'HiddenInNavigation' AND ecm:currentLifeCycleState != 'deleted'
        </fixedPart>
        <predicate parameter="dc:title" operator="FULLTEXT">
          <field schema="dublincore" name="title" />
        </predicate>
      </whereClause>
      <sort column="dc:title" ascending="true" />
      <pageSize>2</pageSize>
    </coreQueryPageProvider>

    <genericPageProvider name="CURRENT_DOCUMENT_CHILDREN_FETCH"
      class="org.nuxeo.ecm.platform.query.nxql.CoreQueryAndFetchPageProvider">
      <pattern>
        SELECT dc:title FROM Document WHERE ecm:parentId = ? AND
        ecm:isCheckedInVersion = 0 AND ecm:mixinType != 'HiddenInNavigation' AND
        ecm:currentLifeCycleState != 'deleted'
      </pattern>
      <sort column="dc:title" ascending="true" />
      <pageSize>2</pageSize>
    </genericPageProvider>

  </extension>

</component>
