<?xml version="1.0"?>
<component name="org.nuxeo.ecm.csv.core.test.types">

  <extension target="org.nuxeo.ecm.core.schema.TypeService" point="schema">
    <schema name="complexTest" src="schemas/complexTest.xsd" prefix="complexTest" />
  </extension>

  <extension target="org.nuxeo.ecm.core.schema.TypeService" point="doctype">

    <facet name="ComplexTest">
      <schema name="complexTest"/>
    </facet>

    <doctype name="ComplexFile" extends="File">
      <facet name="ComplexTest" />
    </doctype>

    <doctype name="Root" append="true">
      <subtypes>
        <type>Folder</type>
        <type>File</type>
        <type>Note</type>
        <type>ComplexFile</type>
      </subtypes>
      <subtypes-forbidden>
        <type>Domain</type>
      </subtypes-forbidden>
    </doctype>

    <doctype name="Folder" append="true">
      <subtypes>
        <type>Folder</type>
        <type>File</type>
        <type>Note</type>
        <type>ComplexFile</type>
      </subtypes>
    </doctype>
  </extension>

</component>
