<?xml version="1.0"?>
<component name="org.nuxeo.ecm.platform.rendition.testContrib2">

  <require>org.nuxeo.ecm.platform.rendition.contrib</require>

  <extension target="org.nuxeo.ecm.platform.rendition.service.RenditionService" point="renditionDefinitions">
    <renditionDefinition name="dummyRendition" enabled="true" class="org.nuxeo.ecm.platform.rendition.service.DummyRenditionProvider">
      <label>label.rendition.dummy</label>
      <contentType>dummy/pdf</contentType>
    </renditionDefinition>
  </extension>

</component>
