<?xml version="1.0"?>
<component name="org.nuxeo.ecm.core.storage.sql.tests.repo.core-types-2">

  <extension target="org.nuxeo.ecm.core.schema.TypeService" point="schema">
    <schema name="testschema2" src="schemas/testschema2.xsd" prefix="tst2" />
    <schema name="testListschema" src="schemas/mytestlist.xsd" prefix="tl" />
  </extension>

  <extension target="org.nuxeo.ecm.core.schema.TypeService" point="doctype">
    <doctype name="File2" extends="File">
      <schema name="testschema2" />
      <prefetch>tst2:title</prefetch>
    </doctype>
    
     <doctype name="Fileq" extends="File">
      <schema name="testListschema" />
    </doctype>
    <doctype name="Noteq" extends="Note">
      <schema name="testListschema" />
    </doctype>
  </extension>
  
  <extension point="types" target="org.nuxeo.ecm.core.lifecycle.LifeCycleService">
    <types>
      <type name="Fileq">default</type>
      <type name="Noteq">default</type>
    </types>
  </extension>

</component>
