<?xml version="1.0" ?>
<component name="fr.dila.solonepp.core.sql.directories.bundle.test">

  <require>org.nuxeo.ecm.platform.test.directory.sql.storage</require>

  <extension target="org.nuxeo.ecm.directory.sql.SQLDirectoryFactory" point="directories">

    <directory name="userDirectory" extends="template-user">
      <schema>user</schema>
      <types>
        <type>system</type>
      </types>
      <idField>username</idField>
      <passwordField>password</passwordField>
      <passwordHashAlgorithm>SSHA</passwordHashAlgorithm>
      <substringMatchType>subany</substringMatchType>
      <autoincrementIdField>false</autoincrementIdField>
      <createTablePolicy>always</createTablePolicy>
      <dataFile>userdata/test-users.csv</dataFile>
      <references>
        <reference
                    field="groups"
                    directory="groupDirectory"
                    name="user2group"
                    source="userId"
                    target="groupId"
                    dataFile="userdata/test-user2group.csv"
                />
      </references>
    </directory>

    <directory name="groupDirectory" extends="template-group">
      <schema>group</schema>
      <types>
        <type>system</type>
      </types>
      <idField>groupname</idField>
      <autoincrementIdField>false</autoincrementIdField>
      <createTablePolicy>always</createTablePolicy>
      <dataFile>userdata/test-groups.csv</dataFile>
      <references>
        <inverseReference field="members" directory="userDirectory" dualReferenceField="groups" />
        <reference
                    field="subGroups"
                    directory="groupDirectory"
                    name="group2group"
                    source="childGroupId"
                    target="parentGroupId"
                />
        <inverseReference field="parentGroups" directory="groupDirectory" dualReferenceField="subGroups" />
      </references>
    </directory>

  </extension>

</component>
