<?xml version="1.0"?>
<component name="org.nuxeo.drive.adapters.hierarchy.permission.test"
  version="1.0">

  <require>org.nuxeo.drive.adapters.hierarchy.permission</require>

  <extension target="org.nuxeo.drive.service.FileSystemItemAdapterService"
    point="fileSystemItemFactory">

    <!-- Override synchronization root factory to set required permission 
      to Everything instead of ReadWrite -->
    <fileSystemItemFactory name="permissionSyncRootFactory">
      <parameters>
        <parameter name="requiredPermission">Everything</parameter>
      </parameters>
    </fileSystemItemFactory>

  </extension>

</component>
