<?xml version="1.0"?>
<component name="org.nuxeo.ecm.core.test.supertype-loop">

  <extension target="org.nuxeo.ecm.core.schema.TypeService" point="schema">
    <schema name="common" src="schema/common.xsd"/>
  </extension>

  <extension target="org.nuxeo.ecm.core.schema.TypeService"
    point="doctype">
    <facet name="someFacet">
      <schema name="noSuchSchema"/>
      <schema name="common"/>
    </facet>
  </extension>

</component>
