<component name="org.nuxeo.ecm.core.test.merge-doctype">

  <extension target="org.nuxeo.ecm.core.schema.TypeService" point="schema">
    <schema name="newschema" src="schema/schema.xsd"/>
    <schema name="newschema2" src="schema/schema2.xsd"/>
  </extension>


  <extension target="org.nuxeo.ecm.core.schema.TypeService" point="doctype">
    <facet name="NewFacet" />
    <facet name="NewFacet2">
      <schema name="newschema2"/>
    </facet>
    <doctype name="myDoc" append="true">
      <facet name="NewFacet"/>
    </doctype>
    <doctype name="myDoc2" append="true">
      <schema name="newschema"/>
      <facet name="NewFacet2"/>
    </doctype>
    <proxies>
      <schema name="newschema"/>
    </proxies>
    <doctype name="myFolder" append="true">
      <subtypes>
        <type>myDoc4</type>
      </subtypes>
    </doctype>
    <doctype name="myFolder2" append="true">
      <subtypes>
        <type>myDoc</type>
        <type>myDoc2</type>
        <type>myDoc3</type>
      </subtypes>
      <subtypes-forbidden>
        <type>myDoc4</type>
      </subtypes-forbidden>
    </doctype>
    <doctype name="mySpecialFolder">
      <subtypes>
        <type>myDoc</type>
      </subtypes>
    </doctype>
  </extension>

</component>
