<?xml version="1.0"?>
<component name="org.nuxeo.ecm.core.test.missing-supertype">

  <extension target="org.nuxeo.ecm.core.schema.TypeService"
    point="doctype">
    <doctype name="someDoc" extends="noSuchDocumentType">
    </doctype>
    <doctype name="someDoc2" extends="someDoc">
    </doctype>
  </extension>

</component>
