<?xml version="1.0"?>
<component name="org.nuxeo.ecm.core.test.supertype-loop">

  <extension target="org.nuxeo.ecm.core.schema.TypeService"
    point="doctype">
    <doctype name="someDocInLoop" extends="someDocInLoop2">
    </doctype>
    <doctype name="someDocInLoop2" extends="someDocInLoop">
    </doctype>
  </extension>

</component>
