<?xml version="1.0"?>
<component name="org.nuxeo.ecm.core.versioning.VersioningService.test">

 <extension target="org.nuxeo.ecm.core.CoreService" point="orphanVersionRemovalFilter">
  <filter class="org.nuxeo.ecm.core.version.test.OrphanVersionRemovalOnlyFileFilter"/>
 </extension>

</component>

