<?xml version="1.0"?>
<component name="test-shallow-filter-listener">

  <extension target="org.nuxeo.ecm.core.event.EventServiceComponent" point="listener">
    <listener name="shallow-filter" async="true" postCommit="true" class="org.nuxeo.ecm.core.event.test.ShallowFilterPostCommitEventListener"/>
  </extension>

</component>
