<?xml version="1.0"?>
<component name="org.nuxeo.ecm.liveconnect.onedrive.core.business.test" version="1.0.0">

  <require>org.nuxeo.ecm.core.blob.BlobManager</require>
  <require>org.nuxeo.ecm.platform.oauth2.providers.OAuth2ServiceProviderRegistry</require>

  <documentation>
    Management of OneDrive configuration.
  </documentation>

  <extension target="org.nuxeo.ecm.platform.oauth2.providers.OAuth2ServiceProviderRegistry" point="providers">
    <provider>
      <name>onedrive</name>
      <description>OneDrive</description>
      <class>org.nuxeo.ecm.liveconnect.onedrive.OneDriveOAuth2ServiceProvider</class>
      <tokenServerURL>https://login.microsoftonline.com/common/oauth2/token?resource=https:\/\/nuxeofr-my.sharepoint.com\/</tokenServerURL>
      <authorizationServerURL>https://login.microsoftonline.com/common/oauth2/authorize?response_type=code</authorizationServerURL>
      <scope>wl.signin</scope>
      <scope>wl.offline_access</scope>
      <scope>onedrive.readwrite</scope>
    </provider>
  </extension>

</component>
