<?xml version="1.0"?>
<component name="org.nuxeo.ecm.liveconnect.onedrive.core.test" version="1.0.0">

  <extension target="org.nuxeo.ecm.core.blob.BlobManager" point="configuration">
    <blobprovider name="onedrive">
      <class>org.nuxeo.ecm.liveconnect.onedrive.MockOneDriveBlobProvider</class>
    </blobprovider>
  </extension>

</component>
