<?xml version="1.0"?>
<component name="org.nuxeo.ecm.directory.resolver.test">

  <extension target="org.nuxeo.ecm.core.schema.TypeService" point="schema">
    <schema name="directoryResolverSchema" src="directoryschema/directoryResolverSchema.xsd" prefix="drs" />
    <schema name="hierarchicalDirectorySchema" src="directoryschema/hierarchicalDirectorySchema.xsd" prefix="hd" />
  </extension>

  <extension target="org.nuxeo.ecm.directory.GenericDirectory" point="directories">

    <directory name="referencedDirectory1" extends="template-directory">
      <schema>directoryResolverSchema</schema>
      <idField>id</idField>
      <createTablePolicy>always</createTablePolicy>
      <dataFile>test-directory-resolver.csv</dataFile>
    </directory>

    <directory name="referencedDirectory2" extends="template-directory">
      <schema>directoryResolverSchema</schema>
      <idField>id</idField>
      <createTablePolicy>always</createTablePolicy>
      <dataFile>test-directory-resolver.csv</dataFile>
    </directory>

    <directory name="hierarchicalDirectory" extends="template-directory">
      <schema>hierarchicalDirectorySchema</schema>
      <parentDirectory>hierarchicalDirectory</parentDirectory>
      <idField>id</idField>
      <createTablePolicy>always</createTablePolicy>
      <dataFile>test-hierarchical-directory.csv</dataFile>
    </directory>

  </extension>

  <extension target="org.nuxeo.ecm.core.schema.TypeService" point="schema">
    <schema name="directoryResolver" src="schemas/directoryResolver.xsd" prefix="dr" />
  </extension>

  <extension target="org.nuxeo.ecm.core.schema.TypeService" point="doctype">
    <doctype name="DirectoryReferencer" extends="Document">
      <schema name="directoryResolver" />
    </doctype>
  </extension>

</component>
