<?xml version="1.0"?>
<component name="org.nuxeo.ecm.directory.multirefs">

  <extension target="org.nuxeo.ecm.directory.GenericDirectory"
    point="directories">

    <directory name="userDirectory" extends="template-user">
      <schema>user</schema>
      <types>
        <type>system</type>
      </types>
      <idField>username</idField>
      <passwordField>password</passwordField>
      <passwordHashAlgorithm>SSHA</passwordHashAlgorithm>
      <substringMatchType>subany</substringMatchType>
      <autoincrementIdField>false</autoincrementIdField>
      <dataFile>test-users.csv</dataFile>
      <createTablePolicy>always</createTablePolicy>
      <references>
        <reference field="groups" directory="groupDirectory"
                   name="user2group" source="userId" target="groupId"
                   dataFile="test-user2group.csv"/>
        <reference field="groups" directory="otherGroupDirectory"
                   name="user2othergroup" source="userId" target="groupId"
                   dataFile="test-user2othergroup.csv"/>
      </references>
    </directory>

    <directory name="groupDirectory" extends="template-group">
      <schema>group</schema>
      <types>
        <type>system</type>
      </types>
      <idField>groupname</idField>
      <autoincrementIdField>false</autoincrementIdField>
      <createTablePolicy>always</createTablePolicy>
      <dataFile>test-groups.csv</dataFile>
      <references>
        <inverseReference field="members" directory="userDirectory"
                          dualReferenceField="groups"/>
        <reference field="subGroups" directory="groupDirectory"
                        name="group2group" source="childGroupId"
                        target="parentGroupId"/>
        <inverseReference field="parentGroups"
                          directory="groupDirectory" dualReferenceField="subGroups"/>
      </references>
    </directory>

    <directory name="otherGroupDirectory" extends="template-group">
      <table>othergroup</table>
      <schema>group</schema>
      <types>
        <type>system</type>
      </types>
      <idField>groupname</idField>
      <autoincrementIdField>false</autoincrementIdField>
      <dataFile>test-othergroups.csv</dataFile>
      <createTablePolicy>always</createTablePolicy>
      <references>
        <inverseReference field="members" directory="userDirectory"
                          dualReferenceField="groups"/>
        <reference field="subGroups" directory="groupDirectory"
                        name="group2group" source="childGroupId"
                        target="parentGroupId"/>
        <inverseReference field="parentGroups"
                          directory="groupDirectory" dualReferenceField="subGroups"/>
      </references>
    </directory>

  </extension>
</component>
