<?xml version="1.0"?>
<component name="org.nuxeo.ecm.platform.importer.stream.coreType.testConfig">
  <extension target="org.nuxeo.ecm.core.schema.TypeService" point="doctype">
    <doctype name="Picture" extends="File" />
    <doctype name="Video" extends="File" />
  </extension>
</component>
