<?xml version="1.0"?>
<component name="org.nuxeo.importer.stream.tests">

  <extension point="logConfig" target="org.nuxeo.runtime.stream.service">

    <logConfig name="chronicle" />

    <logConfig name="kafka" type="kafka">
      <option name="config">default</option>
    </logConfig>

    <logConfig name="kafka-no-subscribe" type="kafka">
      <option name="config">no-subscribe</option>
    </logConfig>


  </extension>

</component>
