<?xml version="1.0"?>
<component name="fr.sword.naiad.nuxeo.commons.core.doctype.contrib.test">

  <extension target="org.nuxeo.ecm.core.schema.TypeService"
    point="schema">
    <schema name="schemaTest" src="schemas/schemaTest.xsd" prefix="schemaTest" />
  </extension>

  <extension target="org.nuxeo.ecm.core.schema.TypeService"
    point="doctype">

    <doctype name="DocTest" extends="Document">
      <schema name="schemaTest" />
      <schema name="dublincore" />
    </doctype>

    <doctype name="DocTest2" extends="DocTest" />

    <doctype name="DocTest3" extends="DocTest2" />

    <doctype name="DocTest4" extends="DocTest" />

  </extension>

</component>