<?xml version="1.0"?>
<component name="org.nuxeo.ecm.platform.query.api.test.schemas">

  <require>org.nuxeo.ecm.core.CoreExtensions</require>

  <extension target="org.nuxeo.ecm.core.schema.TypeService" point="schema">
    <schema name="advanced_search" src="schemas/test_advanced_search.xsd"
      prefix="search" />
  </extension>

  <extension target="org.nuxeo.ecm.core.schema.TypeService" point="doctype">

    <doctype name="AdvancedSearch" extends="Document">
      <schema name="advanced_search" />
    </doctype>

  </extension>

</component>
