<?xml version="1.0"?>
<component name="org.nuxeo.ecm.core.storage.sql.test.repo.repository.fulltext.mixed">
  <extension target="org.nuxeo.ecm.core.storage.sql.RepositoryService"
    point="repository">
    <repository name="test">
      <indexing>
        <excludedTypes>
          <type>Folder</type>
        </excludedTypes>
        <includedTypes>
          <type>File</type>
        </includedTypes>
      </indexing>
    </repository>
  </extension>
</component>
