<?xml version="1.0"?>
<component name="org.nuxeo.ecm.core.storage.sql.tests.repo.core-types-note-not-indexable">

  <require>org.nuxeo.ecm.core.CoreExtensions</require>

  <extension target="org.nuxeo.ecm.core.schema.TypeService" point="doctype">
    <doctype name="Note" extends="Document">
      <schema name="common"/>
      <schema name="note"/>
      <schema name="uid"/>
      <schema name="files"/>
      <schema name="dublincore"/>
      <facet name="Versionable"/>
      <facet name="Publishable"/>
      <facet name="Commentable"/>
      <facet name="HasRelatedText"/>
      <facet name="NotFulltextIndexable"/>
    </doctype>
  </extension>

</component>
