<?xml version="1.0"?>
<component name="org.nuxeo.ecm.core.storage.sql.tests.repo.core-types.update">

  <extension target="org.nuxeo.ecm.core.schema.TypeService" point="doctype">
    <doctype name="TestDocument" extends="Document" append="true">
      <schema name="complexschema" /> <!-- added -->
    </doctype>
  </extension>

</component>
