<?xml version="1.0"?>
<component name="org.nuxeo.ecm.core.storage.sql.tests.listener2">

  <extension target="org.nuxeo.ecm.core.event.EventServiceComponent" point="listener">

    <listener name="testUpdateDocBeforeUpdate" async="false" postCommit="false"
      class="org.nuxeo.ecm.core.storage.sql.listeners.DummyUpdateBeforeModificationListener">
      <event>beforeDocumentModification</event>
    </listener>
  </extension>

</component>
