<?xml version="1.0"?>
<component name="org.nuxeo.ecm.core.storage.sql.test.repo.repository.fulltext.noteexcluded">
  <extension target="org.nuxeo.ecm.core.storage.sql.RepositoryService"
    point="repository">
    <repository name="test">
      <indexing>
        <excludedTypes>
          <type>Note</type>
          <type>File</type>
        </excludedTypes>
      </indexing>
    </repository>
  </extension>
</component>
