<?xml version="1.0"?>
<component name="org.nuxeo.ecm.core.storage.sql.test.repo.override.indexing">
  <extension target="org.nuxeo.ecm.core.storage.sql.RepositoryService"
    point="repository">
    <repository name="test">
      <pathOptimizations enabled="false"/>
   </repository>
  </extension>
</component>
