<?xml version="1.0"?>
<component name="org.nuxeo.ecm.core.tests.resolver">

  <extension target="org.nuxeo.ecm.core.schema.ObjectResolverService" point="resolvers">
    <resolver type="colorResolver" class="org.nuxeo.ecm.core.schema.types.resolver.TestingColorResolver" />
  </extension>

  <extension target="org.nuxeo.ecm.core.schema.TypeService" point="schema">
    <schema name="resolverSample" src="schemas/resolverSample.xsd" prefix="res" />
  </extension>

  <extension target="org.nuxeo.ecm.core.schema.TypeService" point="doctype">
    <doctype name="TestResolver" extends="Document">
      <schema name="resolverSample" />
    </doctype>
  </extension>

  <extension target="org.nuxeo.ecm.core.api.DocumentValidationService" point="activations">
    <validation context="createDocument" activated="false" />
    <validation context="saveDocument" activated="false" />
    <validation context="importDocument" activated="false" />
  </extension>

</component>
