<?xml version="1.0"?>
<component name="org.nuxeo.ecm.core.storage.sql.tests.repo.core-types-2">

  <extension target="org.nuxeo.ecm.core.schema.TypeService" point="schema">
    <schema name="testschema2" src="schemas/testschema2.xsd" prefix="tst2" />
  </extension>

  <extension target="org.nuxeo.ecm.core.schema.TypeService" point="doctype">
    <doctype name="File2" extends="File">
      <schema name="testschema2" />
      <prefetch>tst2:title</prefetch>
    </doctype>
    <doctype name="MyDocType2" extends="Document">
      <schema name="common" />
      <schema name="info" />
    </doctype>
    <facet name="NotPerDocFacet"/> <!-- in repo config -->
    <facet name="NotPerDocFacet2" perDocumentQuery="false"/>
  </extension>

</component>
