<?xml version="1.0"?>
<component name="org.nuxeo.ecm.user.center.profile.core.types.test">

  <require>org.nuxeo.ecm.user.center.profile.core.types</require>

  <extension target="org.nuxeo.ecm.core.schema.TypeService"
    point="schema">
    <schema name="myuserprofile" src="schemas/myuserprofile.xsd"
      prefix="myuserprofile" />
  </extension>

  <extension target="org.nuxeo.ecm.core.schema.TypeService"
    point="doctype">
    <facet name="UserProfile">
      <schema name="userprofile" />
      <schema name="myuserprofile" />
    </facet>

    <doctype name="UserProfile" extends="Document">
      <schema name="common" />
      <schema name="dublincore" />
      <facet name="UserProfile" />
      <facet name="HiddenInNavigation" />
    </doctype>

  </extension>

</component>
