<?xml version="1.0"?>
<component name="org.nuxeo.ecm.permissions.listeners.test">

  <extension target="org.nuxeo.ecm.core.event.EventServiceComponent" point="listener">

    <listener name="permissionNotificationListener" async="true" postCommit="true"
      class="org.nuxeo.ecm.permissions.DummyPermissionGrantedNotificationListener">
      <event>permissionNotification</event>
    </listener>

  </extension>

</component>
