<?xml version="1.0"?>
<component name="org.nuxeo.ecm.core.CoreExtensions.security">

  <extension target="org.nuxeo.ecm.core.schema.TypeService"
    point="schema">
    <schema name="user" src="schema/user.xsd" />
    <schema name="secupolicy" src="schema/secupolicy.xsd" prefix="sp" />
  </extension>

  <extension target="org.nuxeo.ecm.core.schema.TypeService"
    point="doctype">
    <doctype name="Folder" extends="Document">
      <schema name="common" />
      <schema name="dublincore" />
      <schema name="secupolicy" />
      <facet name="Folderish" />
    </doctype>
  </extension>

</component>
