<?xml version="1.0" ?>
<component name="fr.dila.st.test.facet">

	<require>fr.dila.st.core.schema</require>
	<extension target="org.nuxeo.ecm.core.schema.TypeService" point="schema">
		<schema name="list-test" src="schemas/list-test.xsd" prefix="lst" />


	</extension>

	<extension target="org.nuxeo.ecm.core.schema.TypeService" point="doctype">

		<facet name="DocumentRoute" />
		<facet name="RouteStep " />
		
		<doctype name="DossierLink" extends="CaseLink" coretype="DossierLink">
			<prefetch />
		</doctype>

		<doctype name="list-test" extends="Document">
			<schema name="dublincore" />
			<schema name="list-test" />
			<prefetch />
		</doctype>
	</extension>

</component>
