<?xml version="1.0" ?>
<component name="org.nuxeo.ecm.directory.storage">

  <require>org.nuxeo.ecm.platform.test.directory.sql.storage</require>

</component>
