<?xml version="1.0"?>
<component name="org.nuxeo.ecm.liveconnect.box.core.test"
  version="1.0.0">

  <extension target="org.nuxeo.ecm.core.blob.BlobManager" point="configuration">
    <blobprovider name="box">
      <class>org.nuxeo.ecm.liveconnect.box.MockBoxBlobProvider</class>
    </blobprovider>
  </extension>

</component>
