<?xml version="1.0"?>
<component name="org.nuxeo.ecm.liveconnect.dropbox.core.test"
  version="1.0.0">

  <extension target="org.nuxeo.ecm.core.blob.BlobManager" point="configuration">
    <blobprovider name="dropbox">
      <class>org.nuxeo.ecm.liveconnect.dropbox.MockDropboxBlobProvider</class>
    </blobprovider>
  </extension>

</component>
