<?xml version="1.0"?>
<component
	name="org.nuxeo.ecm.platform.convert.ooomanager.OOoManagerComponent.contrib.test">

	<extension
		target="org.nuxeo.ecm.platform.convert.ooomanager.OOoManagerComponent"
		point="oooManagerConfig">

		<OOoManager>
		  <portNumbers>
		    <portNumber>2003</portNumber>
		    <portNumber>2004</portNumber>
		    <portNumber>2005</portNumber>
		  </portNumbers>
		  
		  <pipeNames>
		    <pipeName>pipe1</pipeName>
		    <pipeName>pipe2</pipeName>
		    <pipeName>pipe3</pipeName>
		  </pipeNames>

		</OOoManager>

	</extension>

</component>
