<?xml version="1.0" ?>
<component name="fr.sword.idl.naiad.feuilleroute.core.test.listeners">

  <extension target="org.nuxeo.ecm.core.event.EventServiceComponent" point="listener">

    <listener
            name="testListeners"
            async="false"
            postCommit="false"
            class="fr.sword.idl.naiad.nuxeo.feuilleroute.core.listener.CounterListener"
            priority="120"
        >
    </listener>

    <listener
            name="securityListener"
            async="false"
            postCommit="false"
            class="fr.sword.idl.naiad.nuxeo.feuilleroute.core.listener.FeuilleRouteSecurityListener"
            priority="120"
        >
      <event>beforeRouteReady</event>
    </listener>
  </extension>

</component>
