<component name="fr.dila.ecm.platform.routing.operations.test"
  version="1.0">

  <extension target="org.nuxeo.ecm.core.operation.OperationServiceComponent"
    point="operations">
    <operation class="fr.dila.ecm.platform.routing.test.StepRunningOperation" />
    <operation class="fr.dila.ecm.platform.routing.test.StepUndoOperation" />
  </extension>

</component>
