<?xml version="1.0"?>

<component name="org.nuxeo.ecm.platform.targetplatforms.test.datasource">

  <extension target="org.nuxeo.runtime.datasource" point="datasources">
    <datasource name="jdbc/nxsqldirectory" driverClassName="org.h2.Driver"
      maxPoolSize="20" minPoolSize="5">
      <property name="url">jdbc:h2:mem:test;DB_CLOSE_DELAY=-1</property>
    </datasource>
  </extension>

</component>
