<?xml version="1.0"?>
<component name="org.nuxeo.ecm.platform.suggestbox.core.testSuggesters">

  <require>org.nuxeo.ecm.platform.suggestbox.core.defaultSuggesters</require>
  
  <extension
    target="org.nuxeo.ecm.platform.suggestbox.service.SuggestionService"
    point="suggesterGroups">

    <suggesterGroup name="searchbox">
      <suggesters>
        <!-- Test remove a non-existent suggester -->
        <suggesterName remove="true">nonExistentSuggester</suggesterName>
        <!-- Test remove an existing suggester -->
        <suggesterName remove="true">documentLookupByTitle</suggesterName>
        <!-- Test suggester with the name of an existing suggester -->
        <suggesterName>searchByUsersAndGroups</suggesterName>
        <suggesterName appendBefore="searchByKeywords">searchByUsersAndGroups</suggesterName>
        <suggesterName appendAfter="searchByKeywords">searchByUsersAndGroups</suggesterName>
        <!-- Test append a suggester before a non-existent suggester -->
        <suggesterName appendBefore="nonExistentSuggester">myNewSuggesterBegin</suggesterName>
        <!-- Test append a suggester before an existing suggester -->
        <suggesterName appendBefore="searchByUsersAndGroups">myNewSuggesterBeforeUsers</suggesterName>
        <!-- Test append a suggester after a non-existent suggester -->
        <suggesterName appendAfter="nonExistentSuggester">myNewSuggesterEnd</suggesterName>
        <!-- Test append a suggester after an existing suggester -->
        <suggesterName appendAfter="searchByUsersAndGroups">myNewSuggesterAfterUsers</suggesterName>
        <!-- Test append a suggester with no particular attributes -->
        <suggesterName>myNewSuggesterVeryEnd</suggesterName>
      </suggesters>
    </suggesterGroup>

  </extension>

</component>
