<?xml version="1.0"?>
<component name="org.nuxeo.drive.permission.check.optimization.disabled.test">

  <require>org.nuxeo.drive.adapters</require>

  <extension target="org.nuxeo.runtime.ConfigurationService" point="configuration">
    <property name="org.nuxeo.drive.permissionCheckOptimized">false</property>
  </extension>

</component>
