<?xml version="1.0"?>
<component name="test-directory-contrib">

  <extension point="directories" target="org.nuxeo.ecm.directory.GenericDirectory">

    <directory name="l10nsubjects" extends="template-directory">
      <schema>l10nxvocabulary</schema>
      <parentDirectory>l10nsubjects</parentDirectory>
      <idField>id</idField>
      <autoincrementIdField>false</autoincrementIdField>
      <dataFile>l10nsubjects.csv</dataFile>
      <createTablePolicy>on_missing_columns</createTablePolicy>
    </directory>

    <directory name="l10ncoverage" extends="template-directory">
      <schema>l10nxvocabulary</schema>
      <parentDirectory>l10ncoverage</parentDirectory>
      <idField>id</idField>
      <autoincrementIdField>false</autoincrementIdField>
      <dataFile>l10ncoverage.csv</dataFile>
      <createTablePolicy>on_missing_columns</createTablePolicy>
    </directory>

  </extension>

</component>
