<?xml version="1.0"?>
<component name="org.nuxeo.ecm.automation.core.test.platform-sequence.test-contrib">

    <extension target="org.nuxeo.runtime.ConfigurationService" point="configuration">
        <property name="org.nuxeo.ecm.core.uidgen.sequencer.hibernate">true</property>
    </extension>

</component>
