<?xml version="1.0"?>
<component name="org.nuxeo.ecm.directory.core.memory.schema">

  <extension target="org.nuxeo.ecm.core.schema.TypeService"
    point="schema">
    <schema name="myschema" src="schemas/myschema.xsd" />
  </extension>

</component>