<?xml version="1.0"?>
<component name="fr.dila.st.test.facet">

	<extension target="org.nuxeo.ecm.core.schema.TypeService"
		point="schema">
		<schema name="list-test" src="schemas/list-test.xsd" prefix="lst" />
		<!-- RÃ©utilisation du schema "actionnable_case_link" de Nuxeo afin de limiter 
			le nombre de tables -->
		<schema name="actionnable_case_link" src="schemas/actionnable_case_link.xsd"
			prefix="acslk" override="true" />
	</extension>

	<extension target="org.nuxeo.ecm.core.schema.TypeService"
		point="doctype">

		<facet name="DocumentRoute " />
		<facet name="RouteStep " />
		<facet name="Mailbox " />
		<facet name="CaseLink " />
		<facet name="Classifiable " />
		<doctype name="DossierLink" extends="CaseLink" coretype="DossierLink">
			<schema name="actionnable_case_link" />
			<prefetch></prefetch>
		</doctype>

		<doctype name="list-test" extends="Document">
			<schema name="dublincore" />
			<schema name="list-test" />
			<prefetch></prefetch>
		</doctype>
	</extension>

</component>
