<?xml version="1.0"?>
<component name="org.nuxeo.ecm.platform.ui.web.auth.loginScreenConfig">

  <extension target="org.nuxeo.ecm.platform.ui.web.auth.service.PluggableAuthenticationService" point="loginScreen">

    <loginScreenConfig>

      <newsIframeUrl>someurl</newsIframeUrl>
      <headerStyle>#CCCCCC</headerStyle>
      <footerStyle>Something</footerStyle>
      <bodyBackgroundStyle>url("${org.nuxeo.ecm.contextPath}/img/login_bg.png")
        repeat scroll bottom left #cadfc0;
      </bodyBackgroundStyle>

      <videos muted="true" loop="false">
        <video src="https://dummy/video.mp4" type="webm" />
        <video src="https://dummy2/video.mp4" type="webm" />
      </videos>
      <loginProviders>
        <loginProvider name="google">
          <iconPath>nuxeo.war/img/google.png</iconPath>
          <link>XXXX</link>
          <description>YYYYY</description>
        </loginProvider>
        <loginProvider name="facebook">
          <iconPath>nuxeo/img/fb.png</iconPath>
          <link>XXXX</link>
          <description>YYYYY</description>
        </loginProvider>
        <loginProvider name="linkedin">
          <iconPath>nuxeo/img/li.png</iconPath>
          <link>XXXX</link>
          <description>YYYYY</description>
        </loginProvider>
      </loginProviders>

      <startupPages>
        <startupPage id="jsf" priority="10">
          <path>nxstartup.faces</path>
        </startupPage>
        <startupPage id="other" priority="5">
          <path>other.html</path>
        </startupPage>
      </startupPages>

      <defaultLocale>es_ES</defaultLocale>
      <supportedLocales>
        <locale>es_ES</locale>
        <locale>fr</locale>
      </supportedLocales>

    </loginScreenConfig>

  </extension>

</component>
