<component
  name="org.nuxeo.ecm.platform.routing.models.template.resource.contrib"
  version="1.0">

  <extension
    target="org.nuxeo.ecm.platform.filemanager.service.FileManagerService"
    point="plugins">

    <plugin name="NoteImporter" enabled="false"/>

    <plugin name="DefaultFileImporter" enabled="false"/>

  </extension>

  <extension target="org.nuxeo.ecm.platform.routing.service"
    point="routeModelImporter">
    <!-- test parsing, this actually should point to a ZIP file -->
    <template-resource id="resource1" path="/META-INF/MANIFEST.MF" />
  </extension>

</component>
