<?xml version="1.0"?>
<component name="org.nuxeo.ecm.platform.routing.listeners.test">

  <extension target="org.nuxeo.ecm.core.event.EventServiceComponent"
    point="listener">

    <listener name="testListeners" async="false" postCommit="false"
      class="org.nuxeo.ecm.platform.routing.test.CounterListener"
      priority="120">
    </listener>

    <listener name="securityListener" async="false" postCommit="false"
      class="org.nuxeo.ecm.platform.routing.core.listener.DocumentRoutingSecurityListener"
      priority="120">
      <event>beforeRouteReady</event>
    </listener>
  </extension>

</component>
