<component name="org.nuxeo.ecm.platform.routing.graph.types.test"
  version="1.0">

  <require>org.nuxeo.ecm.plateform.task.type</require>
  
  <extension target="org.nuxeo.ecm.core.schema.TypeService"
    point="schema">
    <schema name="facetroute1" prefix="fctroute1" src="schemas/test_var_route1.xsd" />
    <!-- with prefix -->
    <schema name="facetnode1" prefix="fctnd1" src="schemas/test_var_node1.xsd" />
    <schema name="facetnode2" prefix="fctnd2" src="schemas/test_var_node2.xsd" />
    <schema name="var_global_node1" prefix="var_global_node1" src="schemas/var_global_node1.xsd" />
  </extension>

  <extension target="org.nuxeo.ecm.core.schema.TypeService"
    point="doctype">
    <facet name="FacetRoute1">
      <schema name="facetroute1" />
    </facet>
    <facet name="FacetNode1">
      <schema name="facetnode1" />
    </facet>
    <facet name="FacetNode2">
      <schema name="facetnode2" />
    </facet>
    
    <doctype name="MyTaskDoc" extends="TaskDoc">
      <facet name="HiddenInNavigation" />
      <facet name="RoutingTask"/>
    </doctype>
    
  </extension>
  
  <extension target="org.nuxeo.ecm.core.lifecycle.LifeCycleService"
    point="types">
    <types>
      <type name="MyTaskDoc">task</type>
    </types>
  </extension>
  

</component>
