<?xml version="1.0"?>
<component name="org.nuxeo.ecm.core.api.pathsegment.PathSegmentService.test2">

  <extension target="org.nuxeo.ecm.core.api.pathsegment.PathSegmentService"
    point="pathSegmentService">
    <service class="org.nuxeo.ecm.core.api.pathsegment.PathSegmentServiceDefault" />
  </extension>

</component>
