<?xml version="1.0"?>
<component name="org.nuxeo.ecm.core.scheduler.test.listener">
  <extension target="org.nuxeo.ecm.core.event.EventServiceComponent"
    point="listener">
    <listener name="testListener" async="false" postCommit="false"
      class="org.nuxeo.ecm.core.scheduler.DummyEventListener">
    </listener>
  </extension>
</component>
