<?xml version="1.0"?>
<component name="org.nuxeo.ecm.core.scheduler.test.config">
  <extension
    target="org.nuxeo.ecm.core.scheduler.SchedulerService"
    point="schedule">
    <schedule id="testing">
      <username>Administrator</username>
      <eventId>testEvent</eventId>
      <eventCategory>default</eventCategory>
      <!-- every second -->
      <cronExpression>*/1 * * * * ?</cronExpression>
    </schedule>
  </extension>
</component>
