<?xml version="1.0"?>
<component name="fr.sword.naiad.nuxeo.ufnxql.core.service.test-ufnxql-config-2-contrib">

  <require>fr.sword.naiad.nuxeo.ufnxql.core.service.test-ufnxql-config-1-contrib</require>

  <extension target="fr.sword.naiad.nuxeo.ufnxql.core.service.fnxqlconfigservice.contrib"
         point="globalMixinTypes">
    <mixinType name="doc_facet_1"/>
  </extension>
        
  <extension target="fr.sword.naiad.nuxeo.ufnxql.core.service.fnxqlconfigservice.contrib"
       point="schemaTypes">    
    <typeSchema type="doc_type_2" schema="doc_schema_22"/>
    <typeSchema type="doc_type_3" schema=""/>
  </extension>
  
  <extension target="fr.sword.naiad.nuxeo.ufnxql.core.service.fnxqlconfigservice.contrib"
       point="functions">
       <function class="fr.sword.naiad.nuxeo.ufnxql.core.query.TestUfnxqlFunction" />
       
  </extension>

</component>
