<?xml version="1.0"?>
<component name="org.nuxeo.ecm.directory.sql.storage.nativecase">

  <require>org.nuxeo.ecm.directory.sql.storage</require>

  <extension target="org.nuxeo.ecm.directory.sql.SQLDirectoryFactory"
    point="directories">
    <directory name="userDirectory">
      <nativeCase>true</nativeCase>
    </directory>
    <directory name="groupDirectory">
      <nativeCase>true</nativeCase>
    </directory>
  </extension>

</component>
