<?xml version="1.0"?>
<component name="org.nuxeo.directory.test.mongodb">

  <extension target="org.nuxeo.directory.mongodb.MongoDBDirectoryFactory" point="directories">

    <directory name="template-directory" template="true">
      <serverUrl>${nuxeo.test.mongodb.server}</serverUrl>
      <databaseName>${nuxeo.test.mongodb.dbname}</databaseName>
      <createTablePolicy>on_missing_columns</createTablePolicy>
    </directory>

    <directory name="template-user" template="true" extends="template-directory" />

    <directory name="template-group" template="true" extends="template-directory" />

  </extension>

</component>
