<component name="automation-server:test:mvalues"> 
 <extension target="org.nuxeo.ecm.core.schema.TypeService" point="schema">
    <schema name="mv" prefix="mv" src="mvalues.xsd"/>
 </extension>
 
  <extension target="org.nuxeo.ecm.core.schema.TypeService" point="doctype">
    <doctype name="MV" extends="Document">
      <schema name="common" />
      <schema name="dublincore" />
      <schema name="mv"/>
    </doctype>
  </extension>
</component>
