<?xml version="1.0"?>
<component name="org.nuxeo.ecm.core.redis.test.uidseq">

  <extension target="org.nuxeo.ecm.core.uidgen.UIDGeneratorService" point="sequencers">
    <sequencer name="redisSequencer" class="org.nuxeo.ecm.core.redis.contribs.RedisUIDSequencer"/>
  </extension>

</component>
