<?xml version="1.0"?>
<component name="org.nuxeo.ecm.core.storage.dbs.test.complex">

  <extension target="org.nuxeo.ecm.core.schema.TypeService" point="schema">
    <schema name="complexschema" src="schemas/complexschema.xsd"  prefix="cmp" />
  </extension>

  <extension target="org.nuxeo.ecm.core.schema.TypeService" point="doctype">
    <doctype name="MyDoc" extends="Document">
      <schema name="complexschema" />
    </doctype>
  </extension>

</component>
