<?xml version="1.0"?>
<component
    name="org.nuxeo.ecm.platform.content.template.service.ContentTemplateService.data2">

  <extension
      target="org.nuxeo.ecm.platform.content.template.service.ContentTemplateService"
      point="factoryBinding">

    <factoryBinding name="importData2Factory" factoryName="ImportFactory"
                     targetType="Workspace">
      <option name="path">resource:data/test2/export.zip</option>
    </factoryBinding>

  </extension>


</component>
