<?xml version="1.0"?>
<component
    name="org.nuxeo.ecm.platform.content.template.service.ContentTemplateService.data1">

  <extension
      target="org.nuxeo.ecm.platform.content.template.service.ContentTemplateService"
      point="factoryBinding">

    <factoryBinding name="importData1Factory" factoryName="ImportFactory"
                     targetType="Workspace">
      <option name="path">resource:data/test1</option>
    </factoryBinding>

  </extension>

</component>
