<?xml version="1.0"?>
<component
    name="org.nuxeo.ecm.platform.content.template.service.ContentTemplateService.test.workspaceFactory">

  <extension
      target="org.nuxeo.ecm.platform.content.template.service.ContentTemplateService"
      point="factoryBinding">

    <factoryBinding name="myWorkspaceFactory" factoryName="SimpleTemplateFactory" targetType="WorkspaceRoot">
      <template>
        <templateItem typeName="Workspace" id="workspace" title="Workspace"
                      description="Workspace"/>
      </template>
    </factoryBinding>
  </extension>

</component>
