<?xml version="1.0"?>
<component name="org.nuxeo.ecm.login.shibboleth.testDirectory">
  <require>org.nuxeo.ecm.platform.login.shibboleth.type</require>

  <extension target="org.nuxeo.ecm.directory.GenericDirectory" point="directories">

    <directory name="userDirectory" extends="template-directory">

      <schema>user</schema>
      <types>
        <type>system</type>
      </types>
      <idField>username</idField>
      <passwordField>password</passwordField>
      <passwordHashAlgorithm>SSHA</passwordHashAlgorithm>
      <autoincrementIdField>false</autoincrementIdField>
      <createTablePolicy>always</createTablePolicy>

      <references>
        <reference field="groups" directory="groupDirectory" name="user2group" source="userId" target="groupId"/>
      </references>
    </directory>

    <directory name="groupDirectory" extends="template-directory">

      <schema>group</schema>
      <types>
        <type>system</type>
      </types>
      <idField>groupname</idField>
      <autoincrementIdField>false</autoincrementIdField>
      <createTablePolicy>always</createTablePolicy>

      <references>
        <inverseReference field="members" directory="userDirectory" dualReferenceField="groups"/>
        <reference field="subGroups" directory="groupDirectory" name="group2group" source="childGroupId"
          target="parentGroupId"/>
        <inverseReference field="parentGroups" directory="groupDirectory" dualReferenceField="subGroups"/>
      </references>

    </directory>

    <directory name="shibbGroup" remove="true"></directory>

    <directory name="shibbGroup" extends="template-directory">
      <schema>shibbolethGroup</schema>
      <types>
        <type>system</type>
      </types>
      <idField>groupName</idField>
      <autoincrementIdField>false</autoincrementIdField>
      <createTablePolicy>always</createTablePolicy>
    </directory>
  </extension>
</component>
