<?xml version="1.0"?>
<component name="org.nuxeo.ecm.core.storage.sql.tests.repo.core-types">

  <extension target="org.nuxeo.ecm.core.schema.TypeService" point="schema">
    <schema name="validationSchema" src="schemas/validationSchema.xsd" prefix="vs" />
  </extension>

  <extension target="org.nuxeo.ecm.core.schema.TypeService" point="doctype">
    <doctype name="ValidatedDocument" extends="Document">
      <schema name="validationSchema" />
    </doctype>
  </extension>

  <extension target="org.nuxeo.ecm.core.api.DocumentValidationService" point="activations">
    <validation context="createDocument" activated="true" />
    <validation context="saveDocument" activated="true" />
    <validation context="importDocument" activated="true" />
  </extension>

</component>
